<?xml version="1.0" encoding="UTF-8"?>
<!-- Generated by org.testng.reporters.JUnitReportReporter -->
<testsuite hostname="DESKTOP-JU827HG" name="MyMavenProject.MyMavenProjectPractice.JenkinsTestYahooLaunch" tests="1" failures="0" timestamp="20 Feb 2018 13:52:43 GMT" time="24.690" errors="0">
  <testcase name="verifyTitle" time="24.690" classname="MyMavenProject.MyMavenProjectPractice.JenkinsTestYahooLaunch"/>
</testsuite> <!-- MyMavenProject.MyMavenProjectPractice.JenkinsTestYahooLaunch -->
