<?xml version="1.0" encoding="UTF-8"?>
<!-- Generated by org.testng.reporters.JUnitReportReporter -->
<testsuite hostname="DESKTOP-JU827HG" name="MyMavenProject.MyMavenProjectPractice.JenkinsTestYahooLaunch" tests="1" failures="0" timestamp="21 Feb 2018 12:40:47 GMT" time="23.636" errors="0">
  <testcase name="verifyTitle" time="23.636" classname="MyMavenProject.MyMavenProjectPractice.JenkinsTestYahooLaunch"/>
</testsuite> <!-- MyMavenProject.MyMavenProjectPractice.JenkinsTestYahooLaunch -->
