<?xml version="1.0" encoding="UTF-8"?>
<!-- Generated by org.testng.reporters.JUnitReportReporter -->
<testsuite hostname="DESKTOP-JU827HG" name="MyMavenProject.MyMavenProjectPractice.JenkinsTestChromeLaunch" tests="1" failures="0" timestamp="19 Feb 2018 15:46:38 GMT" time="12.659" errors="0">
  <testcase name="verifyTitle" time="12.659" classname="MyMavenProject.MyMavenProjectPractice.JenkinsTestChromeLaunch"/>
</testsuite> <!-- MyMavenProject.MyMavenProjectPractice.JenkinsTestChromeLaunch -->
