<?xml version="1.0" encoding="UTF-8"?>
<!-- Generated by org.testng.reporters.JUnitReportReporter -->
<testsuite hostname="DESKTOP-JU827HG" name="MyMavenProject.MyMavenProjectPractice.JenkinsTestChromeLaunch" tests="1" failures="0" timestamp="20 Feb 2018 13:52:43 GMT" time="13.160" errors="0">
  <testcase name="verifyTitle" time="13.160" classname="MyMavenProject.MyMavenProjectPractice.JenkinsTestChromeLaunch"/>
</testsuite> <!-- MyMavenProject.MyMavenProjectPractice.JenkinsTestChromeLaunch -->
