<?xml version="1.0" encoding="UTF-8"?>
<!-- Generated by org.testng.reporters.JUnitReportReporter -->
<testsuite hostname="DESKTOP-JU827HG" name="busuu.VerifyLoginFunctionality" tests="1" failures="0" timestamp="23 Mar 2018 14:24:50 GMT" time="23.367" errors="0">
  <testcase name="logintest" time="23.367" classname="busuu.VerifyLoginFunctionality"/>
</testsuite> <!-- busuu.VerifyLoginFunctionality -->
