<?xml version="1.0" encoding="UTF-8"?>
<!-- Generated by org.testng.reporters.JUnitReportReporter -->
<testsuite hostname="DESKTOP-JU827HG" name="MyMavenProject.MyMavenProjectPractice.JenkinsTestChromeLaunch" tests="1" failures="0" timestamp="20 Feb 2018 13:12:01 GMT" time="14.364" errors="0">
  <testcase name="verifyTitle" time="14.364" classname="MyMavenProject.MyMavenProjectPractice.JenkinsTestChromeLaunch"/>
</testsuite> <!-- MyMavenProject.MyMavenProjectPractice.JenkinsTestChromeLaunch -->
