<?xml version="1.0" encoding="UTF-8"?>
<!-- Generated by org.testng.reporters.JUnitReportReporter -->
<testsuite skipped="0" hostname="DESKTOP-JU827HG" name="MyMavenProject.MyMavenProjectPractice.JenkinsTestChromeLaunch" tests="1" failures="0" timestamp="19 Feb 2018 12:51:24 GMT" time="13.323" errors="0">
  <testcase name="verifyTitle" time="13.323" classname="MyMavenProject.MyMavenProjectPractice.JenkinsTestChromeLaunch"/>
</testsuite> <!-- MyMavenProject.MyMavenProjectPractice.JenkinsTestChromeLaunch -->
