<?xml version="1.0" encoding="UTF-8"?>
<!-- Generated by org.testng.reporters.JUnitReportReporter -->
<testsuite hostname="DESKTOP-JU827HG" name="MyMavenProject.MyMavenProjectPractice.JenkinsTestYahooLaunch" tests="1" failures="0" timestamp="20 Feb 2018 13:12:01 GMT" time="19.670" errors="0">
  <testcase name="verifyTitle" time="19.670" classname="MyMavenProject.MyMavenProjectPractice.JenkinsTestYahooLaunch"/>
</testsuite> <!-- MyMavenProject.MyMavenProjectPractice.JenkinsTestYahooLaunch -->
